1 3 
The sum of the path is 5
1 2 3 
The sum of the path is 10
5 4 2 
The sum of the path is 9
5 4 
The sum of the path is 8
4 2 
The sum of the path is 1
5 4 2 3 
The sum of the path is 13
5 3 
The sum of the path is 9
1 2 
The sum of the path is 6
1 5 3 
The sum of the path is 16
2 3 
The sum of the path is 4
1 4 2 
The sum of the path is 11
1 4 2 3 
The sum of the path is 15
4 2 3 
The sum of the path is 5
1 5 
The sum of the path is 7
1 5 4 
The sum of the path is 15
1 5 4 2 
The sum of the path is 16
1 5 4 2 3 
The sum of the path is 20
1 4 
The sum of the path is 10
There are a total of 18 roads
